<?xml version="1.0" encoding="UTF-8"?>
<!-- Generated by org.testng.reporters.JUnitReportReporter -->
<testsuite hostname="-INV007684-" name="UnitTestRunner" tests="1" failures="0" timestamp="3 Jan 2019 17:56:26 GMT" time="41.518" errors="0">
  <testcase name="singletestrunner" time="41.518" classname="UnitTestRunner"/>
</testsuite> <!-- UnitTestRunner -->
